This file contains any messages produced by compilers while
running configure, to aid debugging if configure makes a mistake.

It was created by bcm2835 configure 1.73, which was
generated by GNU Autoconf 2.71.  Invocation command line was

  $ ./configure

## --------- ##
## Platform. ##
## --------- ##

hostname = raspberrypi
uname -m = armv7l
uname -r = 5.10.17-v7l+
uname -s = Linux
uname -v = #1414 SMP Fri Apr 30 13:20:47 BST 2021

/usr/bin/uname -p = unknown
/bin/uname -X     = unknown

/bin/arch              = armv7l
/usr/bin/arch -k       = unknown
/usr/convex/getsysinfo = unknown
/usr/bin/hostinfo      = unknown
/bin/machine           = unknown
/usr/bin/oslevel       = unknown
/bin/universe          = unknown

PATH: /usr/local/sbin/
PATH: /usr/local/bin/
PATH: /usr/sbin/
PATH: /usr/bin/
PATH: /sbin/
PATH: /bin/
PATH: /usr/local/games/
PATH: /usr/games/


## ----------- ##
## Core tests. ##
## ----------- ##

configure:2152: looking for aux files: compile missing install-sh
configure:2165:  trying ./
configure:2194:   ./compile found
configure:2194:   ./missing found
configure:2176:   ./install-sh found
configure:2326: checking for a BSD-compatible install
configure:2399: result: /usr/bin/install -c
configure:2410: checking whether build environment is sane
configure:2465: result: yes
configure:2622: checking for a race-free mkdir -p
configure:2666: result: /usr/bin/mkdir -p
configure:2673: checking for gawk
configure:2708: result: no
configure:2673: checking for mawk
configure:2694: found /usr/bin/mawk
configure:2705: result: mawk
configure:2716: checking whether make sets $(MAKE)
configure:2739: result: yes
configure:2769: checking whether make supports nested variables
configure:2787: result: yes
configure:2936: checking whether make supports the include directive
configure:2951: make -f confmf.GNU && cat confinc.out
this is the am__doit target
configure:2954: $? = 0
configure:2973: result: yes (GNU style)
configure:3049: checking for gcc
configure:3070: found /usr/bin/gcc
configure:3081: result: gcc
configure:3434: checking for C compiler version
configure:3443: gcc --version >&5
gcc (Raspbian 8.3.0-6+rpi1) 8.3.0
Copyright (C) 2018 Free Software Foundation, Inc.
This is free software; see the source for copying conditions.  There is NO
warranty; not even for MERCHANTABILITY or FITNESS FOR A PARTICULAR PURPOSE.

configure:3454: $? = 0
configure:3443: gcc -v >&5
Using built-in specs.
COLLECT_GCC=gcc
COLLECT_LTO_WRAPPER=/usr/lib/gcc/arm-linux-gnueabihf/8/lto-wrapper
Target: arm-linux-gnueabihf
Configured with: ../src/configure -v --with-pkgversion='Raspbian 8.3.0-6+rpi1' --with-bugurl=file:///usr/share/doc/gcc-8/README.Bugs --enable-languages=c,ada,c++,go,d,fortran,objc,obj-c++ --prefix=/usr --with-gcc-major-version-only --program-suffix=-8 --program-prefix=arm-linux-gnueabihf- --enable-shared --enable-linker-build-id --libexecdir=/usr/lib --without-included-gettext --enable-threads=posix --libdir=/usr/lib --enable-nls --enable-bootstrap --enable-clocale=gnu --enable-libstdcxx-debug --enable-libstdcxx-time=yes --with-default-libstdcxx-abi=new --enable-gnu-unique-object --disable-libitm --disable-libquadmath --disable-libquadmath-support --enable-plugin --with-system-zlib --with-target-system-zlib --enable-objc-gc=auto --enable-multiarch --disable-sjlj-exceptions --with-arch=armv6 --with-fpu=vfp --with-float=hard --disable-werror --enable-checking=release --build=arm-linux-gnueabihf --host=arm-linux-gnueabihf --target=arm-linux-gnueabihf
Thread model: posix
gcc version 8.3.0 (Raspbian 8.3.0-6+rpi1) 
configure:3454: $? = 0
configure:3443: gcc -V >&5
gcc: error: unrecognized command line option '-V'
gcc: fatal error: no input files
compilation terminated.
configure:3454: $? = 1
configure:3443: gcc -qversion >&5
gcc: error: unrecognized command line option '-qversion'; did you mean '--version'?
gcc: fatal error: no input files
compilation terminated.
configure:3454: $? = 1
configure:3443: gcc -version >&5
gcc: error: unrecognized command line option '-version'
gcc: fatal error: no input files
compilation terminated.
configure:3454: $? = 1
configure:3474: checking whether the C compiler works
configure:3496: gcc    conftest.c  >&5
configure:3500: $? = 0
configure:3550: result: yes
configure:3553: checking for C compiler default output file name
configure:3555: result: a.out
configure:3561: checking for suffix of executables
configure:3568: gcc -o conftest    conftest.c  >&5
configure:3572: $? = 0
configure:3595: result: 
configure:3617: checking whether we are cross compiling
configure:3625: gcc -o conftest    conftest.c  >&5
configure:3629: $? = 0
configure:3636: ./conftest
configure:3640: $? = 0
configure:3628: result: no
configure:3633: checking for suffix of object files
configure:3656: gcc -c   conftest.c >&5
configure:3660: $? = 0
configure:3682: result: o
configure:3686: checking whether the compiler supports GNU C
configure:3706: gcc -c   conftest.c >&5
configure:3706: $? = 0
configure:3716: result: yes
configure:3727: checking whether gcc accepts -g
configure:3748: gcc -c -g  conftest.c >&5
configure:3748: $? = 0
configure:3792: result: yes
configure:3812: checking for gcc option to enable C11 features
configure:3827: gcc  -c -g -O2  conftest.c >&5
configure:3827: $? = 0
configure:3845: result: none needed
configure:3961: checking whether gcc understands -c and -o together
configure:3984: gcc -c conftest.c -o conftest2.o
configure:3987: $? = 0
configure:3984: gcc -c conftest.c -o conftest2.o
configure:3987: $? = 0
configure:3999: result: yes
configure:4018: checking dependency style of gcc
configure:4130: result: gcc3
configure:4146: checking for clock_gettime in -lrt
configure:4169: gcc -o conftest -g -O2   conftest.c -lrt   >&5
configure:4169: $? = 0
configure:4179: result: yes
configure:4189: checking for docs
configure:4200: result: yes
configure:4215: checking for doxygen
configure:4250: result: no
configure:4259: WARNING: Doxygen not found - continuing without Doxygen support
configure:4311: checking for ranlib
configure:4332: found /usr/bin/ranlib
configure:4343: result: ranlib
configure:4418: checking for gcc
configure:4450: result: gcc
configure:4803: checking for C compiler version
configure:4812: gcc --version >&5
gcc (Raspbian 8.3.0-6+rpi1) 8.3.0
Copyright (C) 2018 Free Software Foundation, Inc.
This is free software; see the source for copying conditions.  There is NO
warranty; not even for MERCHANTABILITY or FITNESS FOR A PARTICULAR PURPOSE.

configure:4823: $? = 0
configure:4812: gcc -v >&5
Using built-in specs.
COLLECT_GCC=gcc
COLLECT_LTO_WRAPPER=/usr/lib/gcc/arm-linux-gnueabihf/8/lto-wrapper
Target: arm-linux-gnueabihf
Configured with: ../src/configure -v --with-pkgversion='Raspbian 8.3.0-6+rpi1' --with-bugurl=file:///usr/share/doc/gcc-8/README.Bugs --enable-languages=c,ada,c++,go,d,fortran,objc,obj-c++ --prefix=/usr --with-gcc-major-version-only --program-suffix=-8 --program-prefix=arm-linux-gnueabihf- --enable-shared --enable-linker-build-id --libexecdir=/usr/lib --without-included-gettext --enable-threads=posix --libdir=/usr/lib --enable-nls --enable-bootstrap --enable-clocale=gnu --enable-libstdcxx-debug --enable-libstdcxx-time=yes --with-default-libstdcxx-abi=new --enable-gnu-unique-object --disable-libitm --disable-libquadmath --disable-libquadmath-support --enable-plugin --with-system-zlib --with-target-system-zlib --enable-objc-gc=auto --enable-multiarch --disable-sjlj-exceptions --with-arch=armv6 --with-fpu=vfp --with-float=hard --disable-werror --enable-checking=release --build=arm-linux-gnueabihf --host=arm-linux-gnueabihf --target=arm-linux-gnueabihf
Thread model: posix
gcc version 8.3.0 (Raspbian 8.3.0-6+rpi1) 
configure:4823: $? = 0
configure:4812: gcc -V >&5
gcc: error: unrecognized command line option '-V'
gcc: fatal error: no input files
compilation terminated.
configure:4823: $? = 1
configure:4812: gcc -qversion >&5
gcc: error: unrecognized command line option '-qversion'; did you mean '--version'?
gcc: fatal error: no input files
compilation terminated.
configure:4823: $? = 1
configure:4812: gcc -version >&5
gcc: error: unrecognized command line option '-version'
gcc: fatal error: no input files
compilation terminated.
configure:4823: $? = 1
configure:4827: checking whether the compiler supports GNU C
configure:4857: result: yes
configure:4868: checking whether gcc accepts -g
configure:4933: result: yes
configure:4953: checking for gcc option to enable C11 features
configure:4986: result: none needed
configure:5102: checking whether gcc understands -c and -o together
configure:5140: result: yes
configure:5159: checking dependency style of gcc
configure:5271: result: gcc3
configure:5401: checking that generated files are newer than configure
configure:5407: result: done
configure:5442: creating ./config.status

## ---------------------- ##
## Running config.status. ##
## ---------------------- ##

This file was extended by bcm2835 config.status 1.73, which was
generated by GNU Autoconf 2.71.  Invocation command line was

  CONFIG_FILES    = 
  CONFIG_HEADERS  = 
  CONFIG_LINKS    = 
  CONFIG_COMMANDS = 
  $ ./config.status 

on raspberrypi

config.status:842: creating Makefile
config.status:842: creating src/Makefile
config.status:842: creating doc/Makefile
config.status:842: creating config.h
config.status:1071: executing depfiles commands
config.status:1148: cd src       && sed -e '/# am--include-marker/d' Makefile         | make -f - am--depfiles
config.status:1153: $? = 0

## ---------------- ##
## Cache variables. ##
## ---------------- ##

ac_cv_c_compiler_gnu=yes
ac_cv_env_CC_set=
ac_cv_env_CC_value=
ac_cv_env_CFLAGS_set=
ac_cv_env_CFLAGS_value=
ac_cv_env_CPPFLAGS_set=
ac_cv_env_CPPFLAGS_value=
ac_cv_env_LDFLAGS_set=
ac_cv_env_LDFLAGS_value=
ac_cv_env_LIBS_set=
ac_cv_env_LIBS_value=
ac_cv_env_build_alias_set=
ac_cv_env_build_alias_value=
ac_cv_env_host_alias_set=
ac_cv_env_host_alias_value=
ac_cv_env_target_alias_set=
ac_cv_env_target_alias_value=
ac_cv_lib_rt_clock_gettime=yes
ac_cv_objext=o
ac_cv_path_install='/usr/bin/install -c'
ac_cv_path_mkdir=/usr/bin/mkdir
ac_cv_prog_AWK=mawk
ac_cv_prog_ac_ct_CC=gcc
ac_cv_prog_ac_ct_RANLIB=ranlib
ac_cv_prog_cc_c11=
ac_cv_prog_cc_g=yes
ac_cv_prog_cc_stdc=
ac_cv_prog_make_make_set=yes
am_cv_CC_dependencies_compiler_type=gcc3
am_cv_make_support_nested_variables=yes
am_cv_prog_cc_c_o=yes

## ----------------- ##
## Output variables. ##
## ----------------- ##

ACLOCAL='${SHELL} '\''/home/pi/Desktop/bcm2835-1.73/missing'\'' aclocal-1.16'
AMDEPBACKSLASH='\'
AMDEP_FALSE='#'
AMDEP_TRUE=''
AMTAR='$${TAR-tar}'
AM_BACKSLASH='\'
AM_DEFAULT_V='$(AM_DEFAULT_VERBOSITY)'
AM_DEFAULT_VERBOSITY='1'
AM_V='$(V)'
AUTOCONF='${SHELL} '\''/home/pi/Desktop/bcm2835-1.73/missing'\'' autoconf'
AUTOHEADER='${SHELL} '\''/home/pi/Desktop/bcm2835-1.73/missing'\'' autoheader'
AUTOMAKE='${SHELL} '\''/home/pi/Desktop/bcm2835-1.73/missing'\'' automake-1.16'
AWK='mawk'
CC='gcc'
CCDEPMODE='depmode=gcc3'
CFLAGS='-g -O2'
CPPFLAGS=''
CSCOPE='cscope'
CTAGS='ctags'
CYGPATH_W='echo'
DEFS='-DHAVE_CONFIG_H'
DEPDIR='.deps'
DOXYGEN=''
ECHO_C=''
ECHO_N='-n'
ECHO_T=''
ETAGS='etags'
EXEEXT=''
HAVE_DOCS_FALSE='#'
HAVE_DOCS_TRUE=''
HAVE_DOXYGEN_FALSE=''
HAVE_DOXYGEN_TRUE='#'
INSTALL_DATA='${INSTALL} -m 644'
INSTALL_PROGRAM='${INSTALL}'
INSTALL_SCRIPT='${INSTALL}'
INSTALL_STRIP_PROGRAM='$(install_sh) -c -s'
LDFLAGS=''
LIBOBJS=''
LIBS='-lrt '
LTLIBOBJS=''
MAKEINFO='${SHELL} '\''/home/pi/Desktop/bcm2835-1.73/missing'\'' makeinfo'
MKDIR_P='/usr/bin/mkdir -p'
OBJEXT='o'
PACKAGE='bcm2835'
PACKAGE_BUGREPORT='mikem@airspayce.com'
PACKAGE_NAME='bcm2835'
PACKAGE_STRING='bcm2835 1.73'
PACKAGE_TARNAME='bcm2835'
PACKAGE_URL=''
PACKAGE_VERSION='1.73'
PATH_SEPARATOR=':'
RANLIB='ranlib'
SET_MAKE=''
SHELL='/bin/bash'
STRIP=''
VERSION='1.73'
ac_ct_CC='gcc'
am__EXEEXT_FALSE=''
am__EXEEXT_TRUE='#'
am__fastdepCC_FALSE='#'
am__fastdepCC_TRUE=''
am__include='include'
am__isrc=''
am__leading_dot='.'
am__nodep='_no'
am__quote=''
am__tar='$${TAR-tar} chof - "$$tardir"'
am__untar='$${TAR-tar} xf -'
bindir='${exec_prefix}/bin'
build_alias=''
datadir='${datarootdir}'
datarootdir='${prefix}/share'
docdir='${datarootdir}/doc/${PACKAGE_TARNAME}'
dvidir='${docdir}'
exec_prefix='${prefix}'
host_alias=''
htmldir='${docdir}'
includedir='${prefix}/include'
infodir='${datarootdir}/info'
install_sh='${SHELL} /home/pi/Desktop/bcm2835-1.73/install-sh'
libdir='${exec_prefix}/lib'
libexecdir='${exec_prefix}/libexec'
localedir='${datarootdir}/locale'
localstatedir='${prefix}/var'
mandir='${datarootdir}/man'
mkdir_p='$(MKDIR_P)'
oldincludedir='/usr/include'
pdfdir='${docdir}'
prefix='/usr/local'
program_transform_name='s,x,x,'
psdir='${docdir}'
runstatedir='${localstatedir}/run'
sbindir='${exec_prefix}/sbin'
sharedstatedir='${prefix}/com'
sysconfdir='${prefix}/etc'
target_alias=''

## ----------- ##
## confdefs.h. ##
## ----------- ##

/* confdefs.h */
#define PACKAGE_NAME "bcm2835"
#define PACKAGE_TARNAME "bcm2835"
#define PACKAGE_VERSION "1.73"
#define PACKAGE_STRING "bcm2835 1.73"
#define PACKAGE_BUGREPORT "mikem@airspayce.com"
#define PACKAGE_URL ""
#define PACKAGE "bcm2835"
#define VERSION "1.73"
#define HAVE_LIBRT 1

configure: exit 0
